{"/home/namtroi/pdf-to-markdown/src/javascript/pageItemFunctions.ts": {"path":"/home/namtroi/pdf-to-markdown/src/javascript/pageItemFunctions.ts","statementMap":{"0":{"start":{"line":1,"column":27},"end":{"line":1,"column":null}},"1":{"start":{"line":4,"column":15},"end":{"line":4,"column":null}},"2":{"start":{"line":5,"column":4},"end":{"line":9,"column":null}},"3":{"start":{"line":6,"column":8},"end":{"line":8,"column":null}},"4":{"start":{"line":7,"column":12},"end":{"line":7,"column":null}},"5":{"start":{"line":10,"column":4},"end":{"line":12,"column":null}},"6":{"start":{"line":11,"column":8},"end":{"line":11,"column":null}},"7":{"start":{"line":13,"column":4},"end":{"line":13,"column":null}},"8":{"start":{"line":17,"column":15},"end":{"line":17,"column":null}},"9":{"start":{"line":18,"column":4},"end":{"line":20,"column":null}},"10":{"start":{"line":19,"column":8},"end":{"line":19,"column":null}},"11":{"start":{"line":21,"column":4},"end":{"line":23,"column":null}},"12":{"start":{"line":22,"column":8},"end":{"line":22,"column":null}},"13":{"start":{"line":24,"column":4},"end":{"line":24,"column":null}},"14":{"start":{"line":28,"column":4},"end":{"line":30,"column":null}},"15":{"start":{"line":29,"column":8},"end":{"line":29,"column":null}},"16":{"start":{"line":34,"column":17},"end":{"line":34,"column":null}},"17":{"start":{"line":35,"column":4},"end":{"line":35,"column":null}},"18":{"start":{"line":36,"column":4},"end":{"line":36,"column":null}}},"fnMap":{"0":{"name":"minXFromBlocks","decl":{"start":{"line":3,"column":16},"end":{"line":3,"column":31}},"loc":{"start":{"line":3,"column":61},"end":{"line":14,"column":null}},"line":3},"1":{"name":"(anonymous_1)","decl":{"start":{"line":5,"column":19},"end":{"line":5,"column":28}},"loc":{"start":{"line":5,"column":28},"end":{"line":9,"column":5}},"line":5},"2":{"name":"(anonymous_2)","decl":{"start":{"line":6,"column":28},"end":{"line":6,"column":29}},"loc":{"start":{"line":6,"column":43},"end":{"line":8,"column":9}},"line":6},"3":{"name":"minXFromPageItems","decl":{"start":{"line":16,"column":16},"end":{"line":16,"column":34}},"loc":{"start":{"line":16,"column":63},"end":{"line":25,"column":null}},"line":16},"4":{"name":"(anonymous_4)","decl":{"start":{"line":18,"column":18},"end":{"line":18,"column":26}},"loc":{"start":{"line":18,"column":26},"end":{"line":20,"column":5}},"line":18},"5":{"name":"sortByX","decl":{"start":{"line":27,"column":16},"end":{"line":27,"column":24}},"loc":{"start":{"line":27,"column":44},"end":{"line":31,"column":null}},"line":27},"6":{"name":"(anonymous_6)","decl":{"start":{"line":28,"column":15},"end":{"line":28,"column":16}},"loc":{"start":{"line":28,"column":35},"end":{"line":30,"column":5}},"line":28},"7":{"name":"sortCopyByX","decl":{"start":{"line":33,"column":16},"end":{"line":33,"column":28}},"loc":{"start":{"line":33,"column":49},"end":{"line":37,"column":null}},"line":33}},"branchMap":{"0":{"loc":{"start":{"line":10,"column":4},"end":{"line":12,"column":null}},"type":"if","locations":[{"start":{"line":10,"column":4},"end":{"line":12,"column":null}},{"start":{},"end":{}}],"line":10},"1":{"loc":{"start":{"line":21,"column":4},"end":{"line":23,"column":null}},"type":"if","locations":[{"start":{"line":21,"column":4},"end":{"line":23,"column":null}},{"start":{},"end":{}}],"line":21}},"s":{"0":1,"1":7,"2":7,"3":8,"4":15,"5":7,"6":2,"7":5,"8":6,"9":6,"10":15,"11":6,"12":1,"13":5,"14":12,"15":18,"16":5,"17":5,"18":5},"f":{"0":7,"1":8,"2":15,"3":6,"4":15,"5":12,"6":18,"7":5},"b":{"0":[2,5],"1":[1,5]},"meta":{"lastBranch":2,"lastFunction":8,"lastStatement":19,"seen":{"s:1:27:1:Infinity":0,"f:3:16:3:31":0,"s:4:15:4:Infinity":1,"s:5:4:9:Infinity":2,"f:5:19:5:28":1,"s:6:8:8:Infinity":3,"f:6:28:6:29":2,"s:7:12:7:Infinity":4,"b:10:4:12:Infinity:undefined:undefined:undefined:undefined":0,"s:10:4:12:Infinity":5,"s:11:8:11:Infinity":6,"s:13:4:13:Infinity":7,"f:16:16:16:34":3,"s:17:15:17:Infinity":8,"s:18:4:20:Infinity":9,"f:18:18:18:26":4,"s:19:8:19:Infinity":10,"b:21:4:23:Infinity:undefined:undefined:undefined:undefined":1,"s:21:4:23:Infinity":11,"s:22:8:22:Infinity":12,"s:24:4:24:Infinity":13,"f:27:16:27:24":5,"s:28:4:30:Infinity":14,"f:28:15:28:16":6,"s:29:8:29:Infinity":15,"f:33:16:33:28":7,"s:34:17:34:Infinity":16,"s:35:4:35:Infinity":17,"s:36:4:36:Infinity":18}}}
,"/home/namtroi/pdf-to-markdown/src/javascript/stringFunctions.ts": {"path":"/home/namtroi/pdf-to-markdown/src/javascript/stringFunctions.ts","statementMap":{"0":{"start":{"line":1,"column":28},"end":{"line":1,"column":null}},"1":{"start":{"line":2,"column":28},"end":{"line":2,"column":null}},"2":{"start":{"line":3,"column":29},"end":{"line":3,"column":null}},"3":{"start":{"line":4,"column":22},"end":{"line":4,"column":null}},"4":{"start":{"line":5,"column":22},"end":{"line":5,"column":null}},"5":{"start":{"line":8,"column":4},"end":{"line":8,"column":null}},"6":{"start":{"line":12,"column":4},"end":{"line":17,"column":null}},"7":{"start":{"line":12,"column":17},"end":{"line":12,"column":20}},"8":{"start":{"line":13,"column":25},"end":{"line":13,"column":null}},"9":{"start":{"line":14,"column":8},"end":{"line":16,"column":null}},"10":{"start":{"line":15,"column":12},"end":{"line":15,"column":null}},"11":{"start":{"line":18,"column":4},"end":{"line":18,"column":null}},"12":{"start":{"line":22,"column":21},"end":{"line":22,"column":null}},"13":{"start":{"line":23,"column":4},"end":{"line":28,"column":null}},"14":{"start":{"line":23,"column":17},"end":{"line":23,"column":20}},"15":{"start":{"line":24,"column":26},"end":{"line":24,"column":null}},"16":{"start":{"line":25,"column":8},"end":{"line":27,"column":null}},"17":{"start":{"line":26,"column":12},"end":{"line":26,"column":null}},"18":{"start":{"line":29,"column":4},"end":{"line":29,"column":null}},"19":{"start":{"line":33,"column":26},"end":{"line":33,"column":null}},"20":{"start":{"line":34,"column":4},"end":{"line":44,"column":null}},"21":{"start":{"line":34,"column":17},"end":{"line":34,"column":20}},"22":{"start":{"line":35,"column":26},"end":{"line":35,"column":null}},"23":{"start":{"line":36,"column":8},"end":{"line":43,"column":null}},"24":{"start":{"line":37,"column":12},"end":{"line":37,"column":null}},"25":{"start":{"line":39,"column":12},"end":{"line":41,"column":null}},"26":{"start":{"line":40,"column":16},"end":{"line":40,"column":null}},"27":{"start":{"line":42,"column":12},"end":{"line":42,"column":null}},"28":{"start":{"line":45,"column":4},"end":{"line":45,"column":null}},"29":{"start":{"line":50,"column":4},"end":{"line":50,"column":null}},"30":{"start":{"line":51,"column":4},"end":{"line":51,"column":null}},"31":{"start":{"line":51,"column":52},"end":{"line":51,"column":145}},"32":{"start":{"line":55,"column":32},"end":{"line":55,"column":null}},"33":{"start":{"line":56,"column":4},"end":{"line":58,"column":null}},"34":{"start":{"line":56,"column":17},"end":{"line":56,"column":20}},"35":{"start":{"line":57,"column":8},"end":{"line":57,"column":null}},"36":{"start":{"line":59,"column":4},"end":{"line":59,"column":null}},"37":{"start":{"line":63,"column":4},"end":{"line":65,"column":null}},"38":{"start":{"line":64,"column":8},"end":{"line":64,"column":null}},"39":{"start":{"line":66,"column":4},"end":{"line":66,"column":null}},"40":{"start":{"line":70,"column":4},"end":{"line":72,"column":null}},"41":{"start":{"line":71,"column":8},"end":{"line":71,"column":null}},"42":{"start":{"line":73,"column":4},"end":{"line":73,"column":null}},"43":{"start":{"line":78,"column":4},"end":{"line":83,"column":null}},"44":{"start":{"line":79,"column":8},"end":{"line":79,"column":null}},"45":{"start":{"line":80,"column":8},"end":{"line":80,"column":null}},"46":{"start":{"line":82,"column":8},"end":{"line":82,"column":null}},"47":{"start":{"line":87,"column":4},"end":{"line":92,"column":null}},"48":{"start":{"line":88,"column":8},"end":{"line":88,"column":null}},"49":{"start":{"line":89,"column":8},"end":{"line":89,"column":null}},"50":{"start":{"line":91,"column":8},"end":{"line":91,"column":null}},"51":{"start":{"line":96,"column":4},"end":{"line":98,"column":null}},"52":{"start":{"line":97,"column":8},"end":{"line":97,"column":null}},"53":{"start":{"line":99,"column":17},"end":{"line":99,"column":null}},"54":{"start":{"line":100,"column":4},"end":{"line":100,"column":null}},"55":{"start":{"line":105,"column":4},"end":{"line":105,"column":null}},"56":{"start":{"line":109,"column":4},"end":{"line":109,"column":null}},"57":{"start":{"line":113,"column":19},"end":{"line":113,"column":null}},"58":{"start":{"line":114,"column":19},"end":{"line":114,"column":null}},"59":{"start":{"line":115,"column":25},"end":{"line":116,"column":null}},"60":{"start":{"line":116,"column":32},"end":{"line":116,"column":45}},"61":{"start":{"line":117,"column":4},"end":{"line":117,"column":null}}},"fnMap":{"0":{"name":"isDigit","decl":{"start":{"line":7,"column":16},"end":{"line":7,"column":24}},"loc":{"start":{"line":7,"column":51},"end":{"line":9,"column":null}},"line":7},"1":{"name":"isNumber","decl":{"start":{"line":11,"column":16},"end":{"line":11,"column":25}},"loc":{"start":{"line":11,"column":50},"end":{"line":19,"column":null}},"line":11},"2":{"name":"hasOnly","decl":{"start":{"line":21,"column":16},"end":{"line":21,"column":24}},"loc":{"start":{"line":21,"column":63},"end":{"line":30,"column":null}},"line":21},"3":{"name":"hasUpperCaseCharacterInMiddleOfWord","decl":{"start":{"line":32,"column":16},"end":{"line":32,"column":52}},"loc":{"start":{"line":32,"column":75},"end":{"line":46,"column":null}},"line":32},"4":{"name":"normalizedCharCodeArray","decl":{"start":{"line":49,"column":16},"end":{"line":49,"column":40}},"loc":{"start":{"line":49,"column":66},"end":{"line":52,"column":null}},"line":49},"5":{"name":"(anonymous_5)","decl":{"start":{"line":51,"column":40},"end":{"line":51,"column":52}},"loc":{"start":{"line":51,"column":52},"end":{"line":51,"column":145}},"line":51},"6":{"name":"charCodeArray","decl":{"start":{"line":54,"column":16},"end":{"line":54,"column":30}},"loc":{"start":{"line":54,"column":56},"end":{"line":60,"column":null}},"line":54},"7":{"name":"removeLeadingWhitespaces","decl":{"start":{"line":62,"column":16},"end":{"line":62,"column":41}},"loc":{"start":{"line":62,"column":65},"end":{"line":67,"column":null}},"line":62},"8":{"name":"removeTrailingWhitespaces","decl":{"start":{"line":69,"column":16},"end":{"line":69,"column":42}},"loc":{"start":{"line":69,"column":66},"end":{"line":74,"column":null}},"line":69},"9":{"name":"prefixAfterWhitespace","decl":{"start":{"line":77,"column":16},"end":{"line":77,"column":38}},"loc":{"start":{"line":77,"column":78},"end":{"line":84,"column":null}},"line":77},"10":{"name":"suffixBeforeWhitespace","decl":{"start":{"line":86,"column":16},"end":{"line":86,"column":39}},"loc":{"start":{"line":86,"column":79},"end":{"line":93,"column":null}},"line":86},"11":{"name":"isListItemCharacter","decl":{"start":{"line":95,"column":16},"end":{"line":95,"column":36}},"loc":{"start":{"line":95,"column":61},"end":{"line":101,"column":null}},"line":95},"12":{"name":"isListItem","decl":{"start":{"line":104,"column":16},"end":{"line":104,"column":27}},"loc":{"start":{"line":104,"column":52},"end":{"line":106,"column":null}},"line":104},"13":{"name":"isNumberedListItem","decl":{"start":{"line":108,"column":16},"end":{"line":108,"column":35}},"loc":{"start":{"line":108,"column":60},"end":{"line":110,"column":null}},"line":108},"14":{"name":"wordMatch","decl":{"start":{"line":112,"column":16},"end":{"line":112,"column":26}},"loc":{"start":{"line":112,"column":68},"end":{"line":118,"column":null}},"line":112},"15":{"name":"(anonymous_15)","decl":{"start":{"line":116,"column":27},"end":{"line":116,"column":32}},"loc":{"start":{"line":116,"column":32},"end":{"line":116,"column":45}},"line":116}},"branchMap":{"0":{"loc":{"start":{"line":8,"column":11},"end":{"line":8,"column":null}},"type":"binary-expr","locations":[{"start":{"line":8,"column":11},"end":{"line":8,"column":46}},{"start":{"line":8,"column":46},"end":{"line":8,"column":null}}],"line":8},"1":{"loc":{"start":{"line":14,"column":8},"end":{"line":16,"column":null}},"type":"if","locations":[{"start":{"line":14,"column":8},"end":{"line":16,"column":null}},{"start":{},"end":{}}],"line":14},"2":{"loc":{"start":{"line":25,"column":8},"end":{"line":27,"column":null}},"type":"if","locations":[{"start":{"line":25,"column":8},"end":{"line":27,"column":null}},{"start":{},"end":{}}],"line":25},"3":{"loc":{"start":{"line":36,"column":8},"end":{"line":43,"column":null}},"type":"if","locations":[{"start":{"line":36,"column":8},"end":{"line":43,"column":null}},{"start":{"line":38,"column":15},"end":{"line":43,"column":null}}],"line":36},"4":{"loc":{"start":{"line":39,"column":12},"end":{"line":41,"column":null}},"type":"if","locations":[{"start":{"line":39,"column":12},"end":{"line":41,"column":null}},{"start":{},"end":{}}],"line":39},"5":{"loc":{"start":{"line":39,"column":16},"end":{"line":39,"column":157}},"type":"binary-expr","locations":[{"start":{"line":39,"column":16},"end":{"line":39,"column":36}},{"start":{"line":39,"column":36},"end":{"line":39,"column":63}},{"start":{"line":39,"column":63},"end":{"line":39,"column":104}},{"start":{"line":39,"column":104},"end":{"line":39,"column":157}}],"line":39},"6":{"loc":{"start":{"line":51,"column":52},"end":{"line":51,"column":145}},"type":"binary-expr","locations":[{"start":{"line":51,"column":52},"end":{"line":51,"column":89}},{"start":{"line":51,"column":89},"end":{"line":51,"column":119}},{"start":{"line":51,"column":119},"end":{"line":51,"column":145}}],"line":51},"7":{"loc":{"start":{"line":78,"column":4},"end":{"line":83,"column":null}},"type":"if","locations":[{"start":{"line":78,"column":4},"end":{"line":83,"column":null}},{"start":{"line":81,"column":11},"end":{"line":83,"column":null}}],"line":78},"8":{"loc":{"start":{"line":87,"column":4},"end":{"line":92,"column":null}},"type":"if","locations":[{"start":{"line":87,"column":4},"end":{"line":92,"column":null}},{"start":{"line":90,"column":11},"end":{"line":92,"column":null}}],"line":87},"9":{"loc":{"start":{"line":96,"column":4},"end":{"line":98,"column":null}},"type":"if","locations":[{"start":{"line":96,"column":4},"end":{"line":98,"column":null}},{"start":{},"end":{}}],"line":96},"10":{"loc":{"start":{"line":100,"column":11},"end":{"line":100,"column":null}},"type":"binary-expr","locations":[{"start":{"line":100,"column":11},"end":{"line":100,"column":27}},{"start":{"line":100,"column":27},"end":{"line":100,"column":43}},{"start":{"line":100,"column":43},"end":{"line":100,"column":null}}],"line":100}},"s":{"0":1,"1":1,"2":1,"3":1,"4":1,"5":26,"6":10,"7":10,"8":18,"9":18,"10":5,"11":5,"12":9,"13":9,"14":9,"15":18,"16":18,"17":4,"18":5,"19":13,"20":13,"21":13,"22":62,"23":62,"24":2,"25":60,"26":6,"27":54,"28":7,"29":5,"30":5,"31":32,"32":13,"33":13,"34":13,"35":55,"36":13,"37":9,"38":14,"39":9,"40":9,"41":14,"42":9,"43":5,"44":3,"45":3,"46":2,"47":5,"48":3,"49":3,"50":2,"51":10,"52":2,"53":8,"54":8,"55":10,"56":11,"57":17,"58":17,"59":17,"60":25,"61":17},"f":{"0":26,"1":10,"2":9,"3":13,"4":5,"5":32,"6":13,"7":9,"8":9,"9":5,"10":5,"11":10,"12":10,"13":11,"14":17,"15":25},"b":{"0":[26,22],"1":[5,13],"2":[4,14],"3":[2,60],"4":[6,54],"5":[60,46,40,6],"6":[32,29,26],"7":[3,2],"8":[3,2],"9":[2,8],"10":[8,7,6]},"meta":{"lastBranch":11,"lastFunction":16,"lastStatement":62,"seen":{"s:1:28:1:Infinity":0,"s:2:28:2:Infinity":1,"s:3:29:3:Infinity":2,"s:4:22:4:Infinity":3,"s:5:22:5:Infinity":4,"f:7:16:7:24":0,"s:8:4:8:Infinity":5,"b:8:11:8:46:8:46:8:Infinity":0,"f:11:16:11:25":1,"s:12:4:17:Infinity":6,"s:12:17:12:20":7,"s:13:25:13:Infinity":8,"b:14:8:16:Infinity:undefined:undefined:undefined:undefined":1,"s:14:8:16:Infinity":9,"s:15:12:15:Infinity":10,"s:18:4:18:Infinity":11,"f:21:16:21:24":2,"s:22:21:22:Infinity":12,"s:23:4:28:Infinity":13,"s:23:17:23:20":14,"s:24:26:24:Infinity":15,"b:25:8:27:Infinity:undefined:undefined:undefined:undefined":2,"s:25:8:27:Infinity":16,"s:26:12:26:Infinity":17,"s:29:4:29:Infinity":18,"f:32:16:32:52":3,"s:33:26:33:Infinity":19,"s:34:4:44:Infinity":20,"s:34:17:34:20":21,"s:35:26:35:Infinity":22,"b:36:8:43:Infinity:38:15:43:Infinity":3,"s:36:8:43:Infinity":23,"s:37:12:37:Infinity":24,"b:39:12:41:Infinity:undefined:undefined:undefined:undefined":4,"s:39:12:41:Infinity":25,"b:39:16:39:36:39:36:39:63:39:63:39:104:39:104:39:157":5,"s:40:16:40:Infinity":26,"s:42:12:42:Infinity":27,"s:45:4:45:Infinity":28,"f:49:16:49:40":4,"s:50:4:50:Infinity":29,"s:51:4:51:Infinity":30,"f:51:40:51:52":5,"s:51:52:51:145":31,"b:51:52:51:89:51:89:51:119:51:119:51:145":6,"f:54:16:54:30":6,"s:55:32:55:Infinity":32,"s:56:4:58:Infinity":33,"s:56:17:56:20":34,"s:57:8:57:Infinity":35,"s:59:4:59:Infinity":36,"f:62:16:62:41":7,"s:63:4:65:Infinity":37,"s:64:8:64:Infinity":38,"s:66:4:66:Infinity":39,"f:69:16:69:42":8,"s:70:4:72:Infinity":40,"s:71:8:71:Infinity":41,"s:73:4:73:Infinity":42,"f:77:16:77:38":9,"b:78:4:83:Infinity:81:11:83:Infinity":7,"s:78:4:83:Infinity":43,"s:79:8:79:Infinity":44,"s:80:8:80:Infinity":45,"s:82:8:82:Infinity":46,"f:86:16:86:39":10,"b:87:4:92:Infinity:90:11:92:Infinity":8,"s:87:4:92:Infinity":47,"s:88:8:88:Infinity":48,"s:89:8:89:Infinity":49,"s:91:8:91:Infinity":50,"f:95:16:95:36":11,"b:96:4:98:Infinity:undefined:undefined:undefined:undefined":9,"s:96:4:98:Infinity":51,"s:97:8:97:Infinity":52,"s:99:17:99:Infinity":53,"s:100:4:100:Infinity":54,"b:100:11:100:27:100:27:100:43:100:43:100:Infinity":10,"f:104:16:104:27":12,"s:105:4:105:Infinity":55,"f:108:16:108:35":13,"s:109:4:109:Infinity":56,"f:112:16:112:26":14,"s:113:19:113:Infinity":57,"s:114:19:114:Infinity":58,"s:115:25:116:Infinity":59,"f:116:27:116:32":15,"s:116:32:116:45":60,"s:117:4:117:Infinity":61}}}
,"/home/namtroi/pdf-to-markdown/src/javascript/models/PageItem.ts": {"path":"/home/namtroi/pdf-to-markdown/src/javascript/models/PageItem.ts","statementMap":{"0":{"start":{"line":11,"column":4},"end":{"line":13,"column":null}},"1":{"start":{"line":12,"column":6},"end":{"line":12,"column":null}},"2":{"start":{"line":14,"column":4},"end":{"line":14,"column":null}},"3":{"start":{"line":15,"column":4},"end":{"line":15,"column":null}},"4":{"start":{"line":16,"column":4},"end":{"line":16,"column":null}},"5":{"start":{"line":32,"column":4},"end":{"line":32,"column":null}},"6":{"start":{"line":33,"column":4},"end":{"line":33,"column":null}},"7":{"start":{"line":34,"column":4},"end":{"line":34,"column":null}},"8":{"start":{"line":35,"column":4},"end":{"line":35,"column":null}},"9":{"start":{"line":39,"column":4},"end":{"line":39,"column":null}},"10":{"start":{"line":40,"column":4},"end":{"line":40,"column":null}},"11":{"start":{"line":41,"column":4},"end":{"line":41,"column":null}},"12":{"start":{"line":42,"column":4},"end":{"line":42,"column":null}}},"fnMap":{"0":{"name":"(anonymous_0)","decl":{"start":{"line":10,"column":2},"end":{"line":10,"column":14}},"loc":{"start":{"line":10,"column":108},"end":{"line":17,"column":null}},"line":10},"1":{"name":"(anonymous_1)","decl":{"start":{"line":26,"column":2},"end":{"line":26,"column":14}},"loc":{"start":{"line":31,"column":5},"end":{"line":36,"column":null}},"line":31},"2":{"name":"(anonymous_2)","decl":{"start":{"line":38,"column":2},"end":{"line":38,"column":6}},"loc":{"start":{"line":38,"column":44},"end":{"line":43,"column":null}},"line":38}},"branchMap":{"0":{"loc":{"start":{"line":11,"column":4},"end":{"line":13,"column":null}},"type":"if","locations":[{"start":{"line":11,"column":4},"end":{"line":13,"column":null}},{"start":{},"end":{}}],"line":11},"1":{"loc":{"start":{"line":32,"column":25},"end":{"line":32,"column":null}},"type":"binary-expr","locations":[{"start":{"line":32,"column":25},"end":{"line":32,"column":50}},{"start":{"line":32,"column":50},"end":{"line":32,"column":null}}],"line":32},"2":{"loc":{"start":{"line":33,"column":21},"end":{"line":33,"column":null}},"type":"binary-expr","locations":[{"start":{"line":33,"column":21},"end":{"line":33,"column":42}},{"start":{"line":33,"column":42},"end":{"line":33,"column":null}}],"line":33},"3":{"loc":{"start":{"line":34,"column":24},"end":{"line":34,"column":null}},"type":"binary-expr","locations":[{"start":{"line":34,"column":24},"end":{"line":34,"column":48}},{"start":{"line":34,"column":48},"end":{"line":34,"column":null}}],"line":34},"4":{"loc":{"start":{"line":35,"column":26},"end":{"line":35,"column":null}},"type":"binary-expr","locations":[{"start":{"line":35,"column":26},"end":{"line":35,"column":52}},{"start":{"line":35,"column":52},"end":{"line":35,"column":null}}],"line":35},"5":{"loc":{"start":{"line":41,"column":24},"end":{"line":41,"column":null}},"type":"binary-expr","locations":[{"start":{"line":41,"column":24},"end":{"line":41,"column":45}},{"start":{"line":41,"column":45},"end":{"line":41,"column":null}}],"line":41}},"s":{"0":2,"1":0,"2":2,"3":2,"4":2,"5":0,"6":0,"7":0,"8":0,"9":0,"10":0,"11":0,"12":0},"f":{"0":2,"1":0,"2":0},"b":{"0":[0,2],"1":[0,0],"2":[0,0],"3":[0,0],"4":[0,0],"5":[0,0]},"meta":{"lastBranch":6,"lastFunction":3,"lastStatement":13,"seen":{"f:10:2:10:14":0,"b:11:4:13:Infinity:undefined:undefined:undefined:undefined":0,"s:11:4:13:Infinity":0,"s:12:6:12:Infinity":1,"s:14:4:14:Infinity":2,"s:15:4:15:Infinity":3,"s:16:4:16:Infinity":4,"f:26:2:26:14":1,"s:32:4:32:Infinity":5,"b:32:25:32:50:32:50:32:Infinity":1,"s:33:4:33:Infinity":6,"b:33:21:33:42:33:42:33:Infinity":2,"s:34:4:34:Infinity":7,"b:34:24:34:48:34:48:34:Infinity":3,"s:35:4:35:Infinity":8,"b:35:26:35:52:35:52:35:Infinity":4,"f:38:2:38:6":2,"s:39:4:39:Infinity":9,"s:40:4:40:Infinity":10,"s:41:4:41:Infinity":11,"b:41:24:41:45:41:45:41:Infinity":5,"s:42:4:42:Infinity":12}}}
,"/home/namtroi/pdf-to-markdown/src/javascript/models/ParseResult.ts": {"path":"/home/namtroi/pdf-to-markdown/src/javascript/models/ParseResult.ts","statementMap":{"0":{"start":{"line":10,"column":4},"end":{"line":10,"column":null}},"1":{"start":{"line":11,"column":4},"end":{"line":11,"column":null}},"2":{"start":{"line":12,"column":4},"end":{"line":12,"column":null}}},"fnMap":{"0":{"name":"(anonymous_0)","decl":{"start":{"line":9,"column":2},"end":{"line":9,"column":14}},"loc":{"start":{"line":9,"column":94},"end":{"line":13,"column":null}},"line":9}},"branchMap":{},"s":{"0":4,"1":4,"2":4},"f":{"0":4},"b":{},"meta":{"lastBranch":0,"lastFunction":1,"lastStatement":3,"seen":{"f:9:2:9:14":0,"s:10:4:10:Infinity":0,"s:11:4:11:Infinity":1,"s:12:4:12:Infinity":2}}}
,"/home/namtroi/pdf-to-markdown/src/javascript/models/TextItem.ts": {"path":"/home/namtroi/pdf-to-markdown/src/javascript/models/TextItem.ts","statementMap":{"0":{"start":{"line":33,"column":4},"end":{"line":33,"column":null}},"1":{"start":{"line":34,"column":4},"end":{"line":34,"column":null}},"2":{"start":{"line":35,"column":4},"end":{"line":35,"column":null}},"3":{"start":{"line":36,"column":4},"end":{"line":36,"column":null}},"4":{"start":{"line":37,"column":4},"end":{"line":37,"column":null}},"5":{"start":{"line":38,"column":4},"end":{"line":38,"column":null}},"6":{"start":{"line":39,"column":4},"end":{"line":39,"column":null}},"7":{"start":{"line":40,"column":4},"end":{"line":40,"column":null}},"8":{"start":{"line":41,"column":4},"end":{"line":41,"column":null}},"9":{"start":{"line":42,"column":4},"end":{"line":42,"column":null}}},"fnMap":{"0":{"name":"(anonymous_0)","decl":{"start":{"line":19,"column":2},"end":{"line":19,"column":14}},"loc":{"start":{"line":32,"column":5},"end":{"line":43,"column":null}},"line":32}},"branchMap":{},"s":{"0":2,"1":2,"2":2,"3":2,"4":2,"5":2,"6":2,"7":2,"8":2,"9":2},"f":{"0":2},"b":{},"meta":{"lastBranch":0,"lastFunction":1,"lastStatement":10,"seen":{"f:19:2:19:14":0,"s:33:4:33:Infinity":0,"s:34:4:34:Infinity":1,"s:35:4:35:Infinity":2,"s:36:4:36:Infinity":3,"s:37:4:37:Infinity":4,"s:38:4:38:Infinity":5,"s:39:4:39:Infinity":6,"s:40:4:40:Infinity":7,"s:41:4:41:Infinity":8,"s:42:4:42:Infinity":9}}}
,"/home/namtroi/pdf-to-markdown/src/javascript/models/Word.ts": {"path":"/home/namtroi/pdf-to-markdown/src/javascript/models/Word.ts","statementMap":{"0":{"start":{"line":10,"column":4},"end":{"line":10,"column":null}},"1":{"start":{"line":11,"column":4},"end":{"line":11,"column":null}},"2":{"start":{"line":12,"column":4},"end":{"line":12,"column":null}}},"fnMap":{"0":{"name":"(anonymous_0)","decl":{"start":{"line":9,"column":2},"end":{"line":9,"column":14}},"loc":{"start":{"line":9,"column":105},"end":{"line":13,"column":null}},"line":9}},"branchMap":{},"s":{"0":2,"1":2,"2":2},"f":{"0":2},"b":{},"meta":{"lastBranch":0,"lastFunction":1,"lastStatement":3,"seen":{"f:9:2:9:14":0,"s:10:4:10:Infinity":0,"s:11:4:11:Infinity":1,"s:12:4:12:Infinity":2}}}
}
