{"/home/namtroi/pdf-to-markdown/src/javascript/pageItemFunctions.ts": {"path":"/home/namtroi/pdf-to-markdown/src/javascript/pageItemFunctions.ts","statementMap":{"0":{"start":{"line":3,"column":27},"end":{"line":3,"column":null}},"1":{"start":{"line":20,"column":15},"end":{"line":20,"column":null}},"2":{"start":{"line":21,"column":4},"end":{"line":25,"column":null}},"3":{"start":{"line":22,"column":8},"end":{"line":24,"column":null}},"4":{"start":{"line":23,"column":12},"end":{"line":23,"column":null}},"5":{"start":{"line":26,"column":4},"end":{"line":28,"column":null}},"6":{"start":{"line":27,"column":8},"end":{"line":27,"column":null}},"7":{"start":{"line":29,"column":4},"end":{"line":29,"column":null}},"8":{"start":{"line":40,"column":15},"end":{"line":40,"column":null}},"9":{"start":{"line":41,"column":4},"end":{"line":43,"column":null}},"10":{"start":{"line":42,"column":8},"end":{"line":42,"column":null}},"11":{"start":{"line":44,"column":4},"end":{"line":46,"column":null}},"12":{"start":{"line":45,"column":8},"end":{"line":45,"column":null}},"13":{"start":{"line":47,"column":4},"end":{"line":47,"column":null}},"14":{"start":{"line":57,"column":4},"end":{"line":59,"column":null}},"15":{"start":{"line":58,"column":8},"end":{"line":58,"column":null}},"16":{"start":{"line":69,"column":17},"end":{"line":69,"column":null}},"17":{"start":{"line":70,"column":4},"end":{"line":70,"column":null}},"18":{"start":{"line":71,"column":4},"end":{"line":71,"column":null}}},"fnMap":{"0":{"name":"minXFromBlocks","decl":{"start":{"line":19,"column":16},"end":{"line":19,"column":31}},"loc":{"start":{"line":19,"column":63},"end":{"line":30,"column":null}},"line":19},"1":{"name":"(anonymous_1)","decl":{"start":{"line":21,"column":19},"end":{"line":21,"column":28}},"loc":{"start":{"line":21,"column":28},"end":{"line":25,"column":5}},"line":21},"2":{"name":"(anonymous_2)","decl":{"start":{"line":22,"column":28},"end":{"line":22,"column":29}},"loc":{"start":{"line":22,"column":38},"end":{"line":24,"column":9}},"line":22},"3":{"name":"minXFromPageItems","decl":{"start":{"line":39,"column":16},"end":{"line":39,"column":34}},"loc":{"start":{"line":39,"column":74},"end":{"line":48,"column":null}},"line":39},"4":{"name":"(anonymous_4)","decl":{"start":{"line":41,"column":18},"end":{"line":41,"column":26}},"loc":{"start":{"line":41,"column":26},"end":{"line":43,"column":5}},"line":41},"5":{"name":"sortByX","decl":{"start":{"line":56,"column":16},"end":{"line":56,"column":50}},"loc":{"start":{"line":56,"column":68},"end":{"line":60,"column":null}},"line":56},"6":{"name":"(anonymous_6)","decl":{"start":{"line":57,"column":15},"end":{"line":57,"column":16}},"loc":{"start":{"line":57,"column":25},"end":{"line":59,"column":5}},"line":57},"7":{"name":"sortCopyByX","decl":{"start":{"line":68,"column":16},"end":{"line":68,"column":54}},"loc":{"start":{"line":68,"column":71},"end":{"line":72,"column":null}},"line":68}},"branchMap":{"0":{"loc":{"start":{"line":26,"column":4},"end":{"line":28,"column":null}},"type":"if","locations":[{"start":{"line":26,"column":4},"end":{"line":28,"column":null}},{"start":{},"end":{}}],"line":26},"1":{"loc":{"start":{"line":44,"column":4},"end":{"line":46,"column":null}},"type":"if","locations":[{"start":{"line":44,"column":4},"end":{"line":46,"column":null}},{"start":{},"end":{}}],"line":44}},"s":{"0":1,"1":7,"2":7,"3":8,"4":15,"5":7,"6":2,"7":5,"8":6,"9":6,"10":15,"11":6,"12":1,"13":5,"14":12,"15":18,"16":5,"17":5,"18":5},"f":{"0":7,"1":8,"2":15,"3":6,"4":15,"5":12,"6":18,"7":5},"b":{"0":[2,5],"1":[1,5]},"meta":{"lastBranch":2,"lastFunction":8,"lastStatement":19,"seen":{"s:3:27:3:Infinity":0,"f:19:16:19:31":0,"s:20:15:20:Infinity":1,"s:21:4:25:Infinity":2,"f:21:19:21:28":1,"s:22:8:24:Infinity":3,"f:22:28:22:29":2,"s:23:12:23:Infinity":4,"b:26:4:28:Infinity:undefined:undefined:undefined:undefined":0,"s:26:4:28:Infinity":5,"s:27:8:27:Infinity":6,"s:29:4:29:Infinity":7,"f:39:16:39:34":3,"s:40:15:40:Infinity":8,"s:41:4:43:Infinity":9,"f:41:18:41:26":4,"s:42:8:42:Infinity":10,"b:44:4:46:Infinity:undefined:undefined:undefined:undefined":1,"s:44:4:46:Infinity":11,"s:45:8:45:Infinity":12,"s:47:4:47:Infinity":13,"f:56:16:56:50":5,"s:57:4:59:Infinity":14,"f:57:15:57:16":6,"s:58:8:58:Infinity":15,"f:68:16:68:54":7,"s:69:17:69:Infinity":16,"s:70:4:70:Infinity":17,"s:71:4:71:Infinity":18}}}
,"/home/namtroi/pdf-to-markdown/src/javascript/stringFunctions.ts": {"path":"/home/namtroi/pdf-to-markdown/src/javascript/stringFunctions.ts","statementMap":{"0":{"start":{"line":1,"column":28},"end":{"line":1,"column":null}},"1":{"start":{"line":2,"column":28},"end":{"line":2,"column":null}},"2":{"start":{"line":3,"column":29},"end":{"line":3,"column":null}},"3":{"start":{"line":4,"column":22},"end":{"line":4,"column":null}},"4":{"start":{"line":5,"column":22},"end":{"line":5,"column":null}},"5":{"start":{"line":14,"column":4},"end":{"line":14,"column":null}},"6":{"start":{"line":24,"column":4},"end":{"line":29,"column":null}},"7":{"start":{"line":24,"column":17},"end":{"line":24,"column":20}},"8":{"start":{"line":25,"column":25},"end":{"line":25,"column":null}},"9":{"start":{"line":26,"column":8},"end":{"line":28,"column":null}},"10":{"start":{"line":27,"column":12},"end":{"line":27,"column":null}},"11":{"start":{"line":30,"column":4},"end":{"line":30,"column":null}},"12":{"start":{"line":42,"column":21},"end":{"line":42,"column":null}},"13":{"start":{"line":43,"column":4},"end":{"line":48,"column":null}},"14":{"start":{"line":43,"column":17},"end":{"line":43,"column":20}},"15":{"start":{"line":44,"column":26},"end":{"line":44,"column":null}},"16":{"start":{"line":45,"column":8},"end":{"line":47,"column":null}},"17":{"start":{"line":46,"column":12},"end":{"line":46,"column":null}},"18":{"start":{"line":49,"column":4},"end":{"line":49,"column":null}},"19":{"start":{"line":60,"column":4},"end":{"line":62,"column":null}},"20":{"start":{"line":73,"column":26},"end":{"line":73,"column":null}},"21":{"start":{"line":74,"column":4},"end":{"line":84,"column":null}},"22":{"start":{"line":74,"column":17},"end":{"line":74,"column":20}},"23":{"start":{"line":75,"column":26},"end":{"line":75,"column":null}},"24":{"start":{"line":76,"column":8},"end":{"line":83,"column":null}},"25":{"start":{"line":77,"column":12},"end":{"line":77,"column":null}},"26":{"start":{"line":79,"column":12},"end":{"line":81,"column":null}},"27":{"start":{"line":80,"column":16},"end":{"line":80,"column":null}},"28":{"start":{"line":82,"column":12},"end":{"line":82,"column":null}},"29":{"start":{"line":85,"column":4},"end":{"line":85,"column":null}},"30":{"start":{"line":97,"column":4},"end":{"line":97,"column":null}},"31":{"start":{"line":98,"column":4},"end":{"line":98,"column":null}},"32":{"start":{"line":98,"column":52},"end":{"line":98,"column":145}},"33":{"start":{"line":108,"column":32},"end":{"line":108,"column":null}},"34":{"start":{"line":109,"column":4},"end":{"line":111,"column":null}},"35":{"start":{"line":109,"column":17},"end":{"line":109,"column":20}},"36":{"start":{"line":110,"column":8},"end":{"line":110,"column":null}},"37":{"start":{"line":112,"column":4},"end":{"line":112,"column":null}},"38":{"start":{"line":122,"column":4},"end":{"line":124,"column":null}},"39":{"start":{"line":123,"column":8},"end":{"line":123,"column":null}},"40":{"start":{"line":125,"column":4},"end":{"line":125,"column":null}},"41":{"start":{"line":135,"column":4},"end":{"line":137,"column":null}},"42":{"start":{"line":136,"column":8},"end":{"line":136,"column":null}},"43":{"start":{"line":138,"column":4},"end":{"line":138,"column":null}},"44":{"start":{"line":150,"column":4},"end":{"line":155,"column":null}},"45":{"start":{"line":151,"column":8},"end":{"line":151,"column":null}},"46":{"start":{"line":152,"column":8},"end":{"line":152,"column":null}},"47":{"start":{"line":154,"column":8},"end":{"line":154,"column":null}},"48":{"start":{"line":167,"column":4},"end":{"line":172,"column":null}},"49":{"start":{"line":168,"column":8},"end":{"line":168,"column":null}},"50":{"start":{"line":169,"column":8},"end":{"line":169,"column":null}},"51":{"start":{"line":171,"column":8},"end":{"line":171,"column":null}},"52":{"start":{"line":183,"column":4},"end":{"line":185,"column":null}},"53":{"start":{"line":184,"column":8},"end":{"line":184,"column":null}},"54":{"start":{"line":186,"column":17},"end":{"line":186,"column":null}},"55":{"start":{"line":187,"column":4},"end":{"line":187,"column":null}},"56":{"start":{"line":198,"column":4},"end":{"line":198,"column":null}},"57":{"start":{"line":209,"column":4},"end":{"line":209,"column":null}},"58":{"start":{"line":225,"column":19},"end":{"line":225,"column":null}},"59":{"start":{"line":226,"column":19},"end":{"line":226,"column":null}},"60":{"start":{"line":227,"column":25},"end":{"line":228,"column":null}},"61":{"start":{"line":228,"column":32},"end":{"line":228,"column":45}},"62":{"start":{"line":229,"column":4},"end":{"line":229,"column":null}}},"fnMap":{"0":{"name":"isDigit","decl":{"start":{"line":13,"column":16},"end":{"line":13,"column":24}},"loc":{"start":{"line":13,"column":51},"end":{"line":15,"column":null}},"line":13},"1":{"name":"isNumber","decl":{"start":{"line":23,"column":16},"end":{"line":23,"column":25}},"loc":{"start":{"line":23,"column":50},"end":{"line":31,"column":null}},"line":23},"2":{"name":"hasOnlyCharacter","decl":{"start":{"line":41,"column":16},"end":{"line":41,"column":33}},"loc":{"start":{"line":41,"column":72},"end":{"line":50,"column":null}},"line":41},"3":{"name":"isUpperCaseLetter","decl":{"start":{"line":59,"column":9},"end":{"line":59,"column":27}},"loc":{"start":{"line":59,"column":55},"end":{"line":63,"column":null}},"line":59},"4":{"name":"hasUpperCaseCharacterInMiddleOfWord","decl":{"start":{"line":72,"column":16},"end":{"line":72,"column":52}},"loc":{"start":{"line":72,"column":75},"end":{"line":86,"column":null}},"line":72},"5":{"name":"normalizedCharCodeArray","decl":{"start":{"line":96,"column":16},"end":{"line":96,"column":40}},"loc":{"start":{"line":96,"column":66},"end":{"line":99,"column":null}},"line":96},"6":{"name":"(anonymous_6)","decl":{"start":{"line":98,"column":40},"end":{"line":98,"column":52}},"loc":{"start":{"line":98,"column":52},"end":{"line":98,"column":145}},"line":98},"7":{"name":"charCodeArray","decl":{"start":{"line":107,"column":16},"end":{"line":107,"column":30}},"loc":{"start":{"line":107,"column":56},"end":{"line":113,"column":null}},"line":107},"8":{"name":"removeLeadingWhitespaces","decl":{"start":{"line":121,"column":16},"end":{"line":121,"column":41}},"loc":{"start":{"line":121,"column":65},"end":{"line":126,"column":null}},"line":121},"9":{"name":"removeTrailingWhitespaces","decl":{"start":{"line":134,"column":16},"end":{"line":134,"column":42}},"loc":{"start":{"line":134,"column":66},"end":{"line":139,"column":null}},"line":134},"10":{"name":"prefixAfterWhitespace","decl":{"start":{"line":149,"column":16},"end":{"line":149,"column":38}},"loc":{"start":{"line":149,"column":78},"end":{"line":156,"column":null}},"line":149},"11":{"name":"suffixBeforeWhitespace","decl":{"start":{"line":166,"column":16},"end":{"line":166,"column":39}},"loc":{"start":{"line":166,"column":79},"end":{"line":173,"column":null}},"line":166},"12":{"name":"isListItemCharacter","decl":{"start":{"line":182,"column":16},"end":{"line":182,"column":36}},"loc":{"start":{"line":182,"column":61},"end":{"line":188,"column":null}},"line":182},"13":{"name":"isListItem","decl":{"start":{"line":197,"column":16},"end":{"line":197,"column":27}},"loc":{"start":{"line":197,"column":52},"end":{"line":199,"column":null}},"line":197},"14":{"name":"isNumberedListItem","decl":{"start":{"line":208,"column":16},"end":{"line":208,"column":35}},"loc":{"start":{"line":208,"column":60},"end":{"line":210,"column":null}},"line":208},"15":{"name":"calculateWordMatchScore","decl":{"start":{"line":224,"column":16},"end":{"line":224,"column":40}},"loc":{"start":{"line":224,"column":82},"end":{"line":230,"column":null}},"line":224},"16":{"name":"(anonymous_16)","decl":{"start":{"line":228,"column":27},"end":{"line":228,"column":32}},"loc":{"start":{"line":228,"column":32},"end":{"line":228,"column":45}},"line":228}},"branchMap":{"0":{"loc":{"start":{"line":14,"column":11},"end":{"line":14,"column":null}},"type":"binary-expr","locations":[{"start":{"line":14,"column":11},"end":{"line":14,"column":46}},{"start":{"line":14,"column":46},"end":{"line":14,"column":null}}],"line":14},"1":{"loc":{"start":{"line":26,"column":8},"end":{"line":28,"column":null}},"type":"if","locations":[{"start":{"line":26,"column":8},"end":{"line":28,"column":null}},{"start":{},"end":{}}],"line":26},"2":{"loc":{"start":{"line":45,"column":8},"end":{"line":47,"column":null}},"type":"if","locations":[{"start":{"line":45,"column":8},"end":{"line":47,"column":null}},{"start":{},"end":{}}],"line":45},"3":{"loc":{"start":{"line":60,"column":11},"end":{"line":62,"column":null}},"type":"binary-expr","locations":[{"start":{"line":60,"column":11},"end":{"line":60,"column":null}},{"start":{"line":61,"column":11},"end":{"line":61,"column":null}},{"start":{"line":62,"column":11},"end":{"line":62,"column":null}}],"line":60},"4":{"loc":{"start":{"line":76,"column":8},"end":{"line":83,"column":null}},"type":"if","locations":[{"start":{"line":76,"column":8},"end":{"line":83,"column":null}},{"start":{"line":78,"column":15},"end":{"line":83,"column":null}}],"line":76},"5":{"loc":{"start":{"line":79,"column":12},"end":{"line":81,"column":null}},"type":"if","locations":[{"start":{"line":79,"column":12},"end":{"line":81,"column":null}},{"start":{},"end":{}}],"line":79},"6":{"loc":{"start":{"line":79,"column":16},"end":{"line":79,"column":66}},"type":"binary-expr","locations":[{"start":{"line":79,"column":16},"end":{"line":79,"column":36}},{"start":{"line":79,"column":36},"end":{"line":79,"column":66}}],"line":79},"7":{"loc":{"start":{"line":98,"column":52},"end":{"line":98,"column":145}},"type":"binary-expr","locations":[{"start":{"line":98,"column":52},"end":{"line":98,"column":89}},{"start":{"line":98,"column":89},"end":{"line":98,"column":119}},{"start":{"line":98,"column":119},"end":{"line":98,"column":145}}],"line":98},"8":{"loc":{"start":{"line":150,"column":4},"end":{"line":155,"column":null}},"type":"if","locations":[{"start":{"line":150,"column":4},"end":{"line":155,"column":null}},{"start":{"line":153,"column":11},"end":{"line":155,"column":null}}],"line":150},"9":{"loc":{"start":{"line":167,"column":4},"end":{"line":172,"column":null}},"type":"if","locations":[{"start":{"line":167,"column":4},"end":{"line":172,"column":null}},{"start":{"line":170,"column":11},"end":{"line":172,"column":null}}],"line":167},"10":{"loc":{"start":{"line":183,"column":4},"end":{"line":185,"column":null}},"type":"if","locations":[{"start":{"line":183,"column":4},"end":{"line":185,"column":null}},{"start":{},"end":{}}],"line":183},"11":{"loc":{"start":{"line":187,"column":11},"end":{"line":187,"column":null}},"type":"binary-expr","locations":[{"start":{"line":187,"column":11},"end":{"line":187,"column":27}},{"start":{"line":187,"column":27},"end":{"line":187,"column":43}},{"start":{"line":187,"column":43},"end":{"line":187,"column":null}}],"line":187}},"s":{"0":2,"1":2,"2":2,"3":2,"4":2,"5":26,"6":10,"7":10,"8":18,"9":18,"10":5,"11":5,"12":9,"13":9,"14":9,"15":18,"16":18,"17":4,"18":5,"19":46,"20":13,"21":13,"22":13,"23":62,"24":62,"25":2,"26":60,"27":6,"28":54,"29":7,"30":29,"31":29,"32":221,"33":37,"34":37,"35":37,"36":244,"37":37,"38":9,"39":14,"40":9,"41":9,"42":14,"43":9,"44":5,"45":3,"46":3,"47":2,"48":5,"49":3,"50":3,"51":2,"52":10,"53":2,"54":8,"55":8,"56":10,"57":11,"58":17,"59":17,"60":17,"61":25,"62":17},"f":{"0":26,"1":10,"2":9,"3":46,"4":13,"5":29,"6":221,"7":37,"8":9,"9":9,"10":5,"11":5,"12":10,"13":10,"14":11,"15":17,"16":25},"b":{"0":[26,22],"1":[5,13],"2":[4,14],"3":[46,40,6],"4":[2,60],"5":[6,54],"6":[60,46],"7":[221,208,205],"8":[3,2],"9":[3,2],"10":[2,8],"11":[8,7,6]},"meta":{"lastBranch":12,"lastFunction":17,"lastStatement":63,"seen":{"s:1:28:1:Infinity":0,"s:2:28:2:Infinity":1,"s:3:29:3:Infinity":2,"s:4:22:4:Infinity":3,"s:5:22:5:Infinity":4,"f:13:16:13:24":0,"s:14:4:14:Infinity":5,"b:14:11:14:46:14:46:14:Infinity":0,"f:23:16:23:25":1,"s:24:4:29:Infinity":6,"s:24:17:24:20":7,"s:25:25:25:Infinity":8,"b:26:8:28:Infinity:undefined:undefined:undefined:undefined":1,"s:26:8:28:Infinity":9,"s:27:12:27:Infinity":10,"s:30:4:30:Infinity":11,"f:41:16:41:33":2,"s:42:21:42:Infinity":12,"s:43:4:48:Infinity":13,"s:43:17:43:20":14,"s:44:26:44:Infinity":15,"b:45:8:47:Infinity:undefined:undefined:undefined:undefined":2,"s:45:8:47:Infinity":16,"s:46:12:46:Infinity":17,"s:49:4:49:Infinity":18,"f:59:9:59:27":3,"s:60:4:62:Infinity":19,"b:60:11:60:Infinity:61:11:61:Infinity:62:11:62:Infinity":3,"f:72:16:72:52":4,"s:73:26:73:Infinity":20,"s:74:4:84:Infinity":21,"s:74:17:74:20":22,"s:75:26:75:Infinity":23,"b:76:8:83:Infinity:78:15:83:Infinity":4,"s:76:8:83:Infinity":24,"s:77:12:77:Infinity":25,"b:79:12:81:Infinity:undefined:undefined:undefined:undefined":5,"s:79:12:81:Infinity":26,"b:79:16:79:36:79:36:79:66":6,"s:80:16:80:Infinity":27,"s:82:12:82:Infinity":28,"s:85:4:85:Infinity":29,"f:96:16:96:40":5,"s:97:4:97:Infinity":30,"s:98:4:98:Infinity":31,"f:98:40:98:52":6,"s:98:52:98:145":32,"b:98:52:98:89:98:89:98:119:98:119:98:145":7,"f:107:16:107:30":7,"s:108:32:108:Infinity":33,"s:109:4:111:Infinity":34,"s:109:17:109:20":35,"s:110:8:110:Infinity":36,"s:112:4:112:Infinity":37,"f:121:16:121:41":8,"s:122:4:124:Infinity":38,"s:123:8:123:Infinity":39,"s:125:4:125:Infinity":40,"f:134:16:134:42":9,"s:135:4:137:Infinity":41,"s:136:8:136:Infinity":42,"s:138:4:138:Infinity":43,"f:149:16:149:38":10,"b:150:4:155:Infinity:153:11:155:Infinity":8,"s:150:4:155:Infinity":44,"s:151:8:151:Infinity":45,"s:152:8:152:Infinity":46,"s:154:8:154:Infinity":47,"f:166:16:166:39":11,"b:167:4:172:Infinity:170:11:172:Infinity":9,"s:167:4:172:Infinity":48,"s:168:8:168:Infinity":49,"s:169:8:169:Infinity":50,"s:171:8:171:Infinity":51,"f:182:16:182:36":12,"b:183:4:185:Infinity:undefined:undefined:undefined:undefined":10,"s:183:4:185:Infinity":52,"s:184:8:184:Infinity":53,"s:186:17:186:Infinity":54,"s:187:4:187:Infinity":55,"b:187:11:187:27:187:27:187:43:187:43:187:Infinity":11,"f:197:16:197:27":13,"s:198:4:198:Infinity":56,"f:208:16:208:35":14,"s:209:4:209:Infinity":57,"f:224:16:224:40":15,"s:225:19:225:Infinity":58,"s:226:19:226:Infinity":59,"s:227:25:228:Infinity":60,"f:228:27:228:32":16,"s:228:32:228:45":61,"s:229:4:229:Infinity":62}}}
,"/home/namtroi/pdf-to-markdown/src/javascript/models/HeadlineFinder.ts": {"path":"/home/namtroi/pdf-to-markdown/src/javascript/models/HeadlineFinder.ts","statementMap":{"0":{"start":{"line":30,"column":4},"end":{"line":30,"column":null}},"1":{"start":{"line":31,"column":4},"end":{"line":31,"column":null}},"2":{"start":{"line":32,"column":4},"end":{"line":32,"column":null}},"3":{"start":{"line":44,"column":10},"end":{"line":44,"column":null}},"4":{"start":{"line":45,"column":21},"end":{"line":45,"column":null}},"5":{"start":{"line":46,"column":4},"end":{"line":58,"column":null}},"6":{"start":{"line":47,"column":6},"end":{"line":47,"column":null}},"7":{"start":{"line":48,"column":6},"end":{"line":48,"column":null}},"8":{"start":{"line":49,"column":6},"end":{"line":51,"column":null}},"9":{"start":{"line":50,"column":8},"end":{"line":50,"column":null}},"10":{"start":{"line":53,"column":6},"end":{"line":57,"column":null}},"11":{"start":{"line":54,"column":8},"end":{"line":54,"column":null}},"12":{"start":{"line":55,"column":8},"end":{"line":55,"column":null}},"13":{"start":{"line":56,"column":8},"end":{"line":56,"column":null}},"14":{"start":{"line":59,"column":4},"end":{"line":59,"column":null}},"15":{"start":{"line":69,"column":4},"end":{"line":75,"column":null}},"16":{"start":{"line":69,"column":17},"end":{"line":69,"column":20}},"17":{"start":{"line":70,"column":27},"end":{"line":70,"column":null}},"18":{"start":{"line":71,"column":27},"end":{"line":71,"column":null}},"19":{"start":{"line":72,"column":6},"end":{"line":74,"column":null}},"20":{"start":{"line":73,"column":8},"end":{"line":73,"column":null}},"21":{"start":{"line":76,"column":4},"end":{"line":76,"column":null}}},"fnMap":{"0":{"name":"(anonymous_0)","decl":{"start":{"line":29,"column":2},"end":{"line":29,"column":14}},"loc":{"start":{"line":29,"column":45},"end":{"line":33,"column":null}},"line":29},"1":{"name":"(anonymous_1)","decl":{"start":{"line":42,"column":2},"end":{"line":42,"column":10}},"loc":{"start":{"line":42,"column":49},"end":{"line":60,"column":null}},"line":42},"2":{"name":"(anonymous_2)","decl":{"start":{"line":68,"column":10},"end":{"line":68,"column":19}},"loc":{"start":{"line":68,"column":59},"end":{"line":77,"column":null}},"line":68}},"branchMap":{"0":{"loc":{"start":{"line":46,"column":4},"end":{"line":58,"column":null}},"type":"if","locations":[{"start":{"line":46,"column":4},"end":{"line":58,"column":null}},{"start":{"line":52,"column":11},"end":{"line":58,"column":null}}],"line":46},"1":{"loc":{"start":{"line":49,"column":6},"end":{"line":51,"column":null}},"type":"if","locations":[{"start":{"line":49,"column":6},"end":{"line":51,"column":null}},{"start":{},"end":{}}],"line":49},"2":{"loc":{"start":{"line":53,"column":6},"end":{"line":57,"column":null}},"type":"if","locations":[{"start":{"line":53,"column":6},"end":{"line":57,"column":null}},{"start":{},"end":{}}],"line":53},"3":{"loc":{"start":{"line":72,"column":6},"end":{"line":74,"column":null}},"type":"if","locations":[{"start":{"line":72,"column":6},"end":{"line":74,"column":null}},{"start":{},"end":{}}],"line":72}},"s":{"0":5,"1":5,"2":5,"3":19,"4":19,"5":19,"6":15,"7":15,"8":15,"9":4,"10":4,"11":2,"12":2,"13":2,"14":15,"15":19,"16":19,"17":86,"18":86,"19":86,"20":4,"21":15},"f":{"0":5,"1":19,"2":19},"b":{"0":[15,4],"1":[4,11],"2":[2,2],"3":[4,82]},"meta":{"lastBranch":4,"lastFunction":3,"lastStatement":22,"seen":{"f:29:2:29:14":0,"s:30:4:30:Infinity":0,"s:31:4:31:Infinity":1,"s:32:4:32:Infinity":2,"f:42:2:42:10":1,"s:44:10:44:Infinity":3,"s:45:21:45:Infinity":4,"b:46:4:58:Infinity:52:11:58:Infinity":0,"s:46:4:58:Infinity":5,"s:47:6:47:Infinity":6,"s:48:6:48:Infinity":7,"b:49:6:51:Infinity:undefined:undefined:undefined:undefined":1,"s:49:6:51:Infinity":8,"s:50:8:50:Infinity":9,"b:53:6:57:Infinity:undefined:undefined:undefined:undefined":2,"s:53:6:57:Infinity":10,"s:54:8:54:Infinity":11,"s:55:8:55:Infinity":12,"s:56:8:56:Infinity":13,"s:59:4:59:Infinity":14,"f:68:10:68:19":2,"s:69:4:75:Infinity":15,"s:69:17:69:20":16,"s:70:27:70:Infinity":17,"s:71:27:71:Infinity":18,"b:72:6:74:Infinity:undefined:undefined:undefined:undefined":3,"s:72:6:74:Infinity":19,"s:73:8:73:Infinity":20,"s:76:4:76:Infinity":21}}}
,"/home/namtroi/pdf-to-markdown/src/javascript/models/LineItem.ts": {"path":"/home/namtroi/pdf-to-markdown/src/javascript/models/LineItem.ts","statementMap":{"0":{"start":{"line":50,"column":4},"end":{"line":50,"column":null}},"1":{"start":{"line":51,"column":4},"end":{"line":51,"column":null}},"2":{"start":{"line":52,"column":4},"end":{"line":52,"column":null}},"3":{"start":{"line":53,"column":4},"end":{"line":53,"column":null}},"4":{"start":{"line":54,"column":4},"end":{"line":54,"column":null}},"5":{"start":{"line":55,"column":4},"end":{"line":55,"column":null}},"6":{"start":{"line":56,"column":4},"end":{"line":61,"column":null}},"7":{"start":{"line":57,"column":6},"end":{"line":60,"column":null}},"8":{"start":{"line":59,"column":36},"end":{"line":59,"column":60}},"9":{"start":{"line":60,"column":39},"end":{"line":60,"column":73}},"10":{"start":{"line":70,"column":4},"end":{"line":70,"column":null}},"11":{"start":{"line":79,"column":4},"end":{"line":79,"column":null}},"12":{"start":{"line":79,"column":42},"end":{"line":79,"column":53}}},"fnMap":{"0":{"name":"(anonymous_0)","decl":{"start":{"line":39,"column":2},"end":{"line":39,"column":14}},"loc":{"start":{"line":49,"column":5},"end":{"line":62,"column":null}},"line":49},"1":{"name":"(anonymous_1)","decl":{"start":{"line":59,"column":16},"end":{"line":59,"column":17}},"loc":{"start":{"line":59,"column":36},"end":{"line":59,"column":60}},"line":59},"2":{"name":"(anonymous_2)","decl":{"start":{"line":60,"column":13},"end":{"line":60,"column":14}},"loc":{"start":{"line":60,"column":39},"end":{"line":60,"column":73}},"line":60},"3":{"name":"(anonymous_3)","decl":{"start":{"line":69,"column":2},"end":{"line":69,"column":17}},"loc":{"start":{"line":69,"column":17},"end":{"line":71,"column":null}},"line":69},"4":{"name":"(anonymous_4)","decl":{"start":{"line":78,"column":2},"end":{"line":78,"column":26}},"loc":{"start":{"line":78,"column":26},"end":{"line":80,"column":null}},"line":78},"5":{"name":"(anonymous_5)","decl":{"start":{"line":79,"column":26},"end":{"line":79,"column":27}},"loc":{"start":{"line":79,"column":42},"end":{"line":79,"column":53}},"line":79}},"branchMap":{"0":{"loc":{"start":{"line":55,"column":17},"end":{"line":55,"column":null}},"type":"binary-expr","locations":[{"start":{"line":55,"column":17},"end":{"line":55,"column":34}},{"start":{"line":55,"column":34},"end":{"line":55,"column":null}}],"line":55},"1":{"loc":{"start":{"line":56,"column":4},"end":{"line":61,"column":null}},"type":"if","locations":[{"start":{"line":56,"column":4},"end":{"line":61,"column":null}},{"start":{},"end":{}}],"line":56},"2":{"loc":{"start":{"line":56,"column":8},"end":{"line":56,"column":40}},"type":"binary-expr","locations":[{"start":{"line":56,"column":8},"end":{"line":56,"column":24}},{"start":{"line":56,"column":24},"end":{"line":56,"column":40}}],"line":56}},"s":{"0":32,"1":32,"2":32,"3":32,"4":32,"5":32,"6":32,"7":17,"8":29,"9":17,"10":19,"11":19,"12":19},"f":{"0":32,"1":29,"2":17,"3":19,"4":19,"5":19},"b":{"0":[32,32],"1":[17,15],"2":[32,17]},"meta":{"lastBranch":3,"lastFunction":6,"lastStatement":13,"seen":{"f:39:2:39:14":0,"s:50:4:50:Infinity":0,"s:51:4:51:Infinity":1,"s:52:4:52:Infinity":2,"s:53:4:53:Infinity":3,"s:54:4:54:Infinity":4,"s:55:4:55:Infinity":5,"b:55:17:55:34:55:34:55:Infinity":0,"b:56:4:61:Infinity:undefined:undefined:undefined:undefined":1,"s:56:4:61:Infinity":6,"b:56:8:56:24:56:24:56:40":2,"s:57:6:60:Infinity":7,"f:59:16:59:17":1,"s:59:36:59:60":8,"f:60:13:60:14":2,"s:60:39:60:73":9,"f:69:2:69:17":3,"s:70:4:70:Infinity":10,"f:78:2:78:26":4,"s:79:4:79:Infinity":11,"f:79:26:79:27":5,"s:79:42:79:53":12}}}
,"/home/namtroi/pdf-to-markdown/src/javascript/models/PageItem.ts": {"path":"/home/namtroi/pdf-to-markdown/src/javascript/models/PageItem.ts","statementMap":{"0":{"start":{"line":11,"column":4},"end":{"line":13,"column":null}},"1":{"start":{"line":12,"column":6},"end":{"line":12,"column":null}},"2":{"start":{"line":14,"column":4},"end":{"line":14,"column":null}},"3":{"start":{"line":15,"column":4},"end":{"line":15,"column":null}},"4":{"start":{"line":16,"column":4},"end":{"line":16,"column":null}},"5":{"start":{"line":32,"column":4},"end":{"line":32,"column":null}},"6":{"start":{"line":33,"column":4},"end":{"line":33,"column":null}},"7":{"start":{"line":34,"column":4},"end":{"line":34,"column":null}},"8":{"start":{"line":35,"column":4},"end":{"line":35,"column":null}},"9":{"start":{"line":39,"column":4},"end":{"line":39,"column":null}},"10":{"start":{"line":40,"column":4},"end":{"line":40,"column":null}},"11":{"start":{"line":41,"column":4},"end":{"line":41,"column":null}},"12":{"start":{"line":42,"column":4},"end":{"line":42,"column":null}}},"fnMap":{"0":{"name":"(anonymous_0)","decl":{"start":{"line":10,"column":2},"end":{"line":10,"column":14}},"loc":{"start":{"line":10,"column":108},"end":{"line":17,"column":null}},"line":10},"1":{"name":"(anonymous_1)","decl":{"start":{"line":26,"column":2},"end":{"line":26,"column":14}},"loc":{"start":{"line":31,"column":5},"end":{"line":36,"column":null}},"line":31},"2":{"name":"(anonymous_2)","decl":{"start":{"line":38,"column":2},"end":{"line":38,"column":6}},"loc":{"start":{"line":38,"column":44},"end":{"line":43,"column":null}},"line":38}},"branchMap":{"0":{"loc":{"start":{"line":11,"column":4},"end":{"line":13,"column":null}},"type":"if","locations":[{"start":{"line":11,"column":4},"end":{"line":13,"column":null}},{"start":{},"end":{}}],"line":11},"1":{"loc":{"start":{"line":32,"column":25},"end":{"line":32,"column":null}},"type":"binary-expr","locations":[{"start":{"line":32,"column":25},"end":{"line":32,"column":50}},{"start":{"line":32,"column":50},"end":{"line":32,"column":null}}],"line":32},"2":{"loc":{"start":{"line":33,"column":21},"end":{"line":33,"column":null}},"type":"binary-expr","locations":[{"start":{"line":33,"column":21},"end":{"line":33,"column":42}},{"start":{"line":33,"column":42},"end":{"line":33,"column":null}}],"line":33},"3":{"loc":{"start":{"line":34,"column":24},"end":{"line":34,"column":null}},"type":"binary-expr","locations":[{"start":{"line":34,"column":24},"end":{"line":34,"column":48}},{"start":{"line":34,"column":48},"end":{"line":34,"column":null}}],"line":34},"4":{"loc":{"start":{"line":35,"column":26},"end":{"line":35,"column":null}},"type":"binary-expr","locations":[{"start":{"line":35,"column":26},"end":{"line":35,"column":52}},{"start":{"line":35,"column":52},"end":{"line":35,"column":null}}],"line":35},"5":{"loc":{"start":{"line":41,"column":24},"end":{"line":41,"column":null}},"type":"binary-expr","locations":[{"start":{"line":41,"column":24},"end":{"line":41,"column":45}},{"start":{"line":41,"column":45},"end":{"line":41,"column":null}}],"line":41}},"s":{"0":34,"1":0,"2":34,"3":34,"4":34,"5":0,"6":0,"7":0,"8":0,"9":0,"10":0,"11":0,"12":0},"f":{"0":34,"1":0,"2":0},"b":{"0":[0,34],"1":[0,0],"2":[0,0],"3":[0,0],"4":[0,0],"5":[0,0]},"meta":{"lastBranch":6,"lastFunction":3,"lastStatement":13,"seen":{"f:10:2:10:14":0,"b:11:4:13:Infinity:undefined:undefined:undefined:undefined":0,"s:11:4:13:Infinity":0,"s:12:6:12:Infinity":1,"s:14:4:14:Infinity":2,"s:15:4:15:Infinity":3,"s:16:4:16:Infinity":4,"f:26:2:26:14":1,"s:32:4:32:Infinity":5,"b:32:25:32:50:32:50:32:Infinity":1,"s:33:4:33:Infinity":6,"b:33:21:33:42:33:42:33:Infinity":2,"s:34:4:34:Infinity":7,"b:34:24:34:48:34:48:34:Infinity":3,"s:35:4:35:Infinity":8,"b:35:26:35:52:35:52:35:Infinity":4,"f:38:2:38:6":2,"s:39:4:39:Infinity":9,"s:40:4:40:Infinity":10,"s:41:4:41:Infinity":11,"b:41:24:41:45:41:45:41:Infinity":5,"s:42:4:42:Infinity":12}}}
,"/home/namtroi/pdf-to-markdown/src/javascript/models/ParseResult.ts": {"path":"/home/namtroi/pdf-to-markdown/src/javascript/models/ParseResult.ts","statementMap":{"0":{"start":{"line":26,"column":4},"end":{"line":26,"column":null}},"1":{"start":{"line":27,"column":4},"end":{"line":27,"column":null}},"2":{"start":{"line":28,"column":4},"end":{"line":28,"column":null}}},"fnMap":{"0":{"name":"(anonymous_0)","decl":{"start":{"line":25,"column":2},"end":{"line":25,"column":14}},"loc":{"start":{"line":25,"column":86},"end":{"line":29,"column":null}},"line":25}},"branchMap":{},"s":{"0":4,"1":4,"2":4},"f":{"0":4},"b":{},"meta":{"lastBranch":0,"lastFunction":1,"lastStatement":3,"seen":{"f:25:2:25:14":0,"s:26:4:26:Infinity":0,"s:27:4:27:Infinity":1,"s:28:4:28:Infinity":2}}}
,"/home/namtroi/pdf-to-markdown/src/javascript/models/StashingStream.ts": {"path":"/home/namtroi/pdf-to-markdown/src/javascript/models/StashingStream.ts","statementMap":{"0":{"start":{"line":3,"column":29},"end":{"line":3,"column":null}},"1":{"start":{"line":4,"column":27},"end":{"line":4,"column":null}},"2":{"start":{"line":7,"column":4},"end":{"line":9,"column":null}},"3":{"start":{"line":8,"column":6},"end":{"line":8,"column":null}},"4":{"start":{"line":13,"column":4},"end":{"line":13,"column":null}},"5":{"start":{"line":13,"column":28},"end":{"line":13,"column":46}},"6":{"start":{"line":17,"column":4},"end":{"line":27,"column":null}},"7":{"start":{"line":18,"column":6},"end":{"line":20,"column":null}},"8":{"start":{"line":19,"column":8},"end":{"line":19,"column":null}},"9":{"start":{"line":21,"column":6},"end":{"line":21,"column":null}},"10":{"start":{"line":23,"column":6},"end":{"line":25,"column":null}},"11":{"start":{"line":24,"column":8},"end":{"line":24,"column":null}},"12":{"start":{"line":26,"column":6},"end":{"line":26,"column":null}},"13":{"start":{"line":31,"column":4},"end":{"line":31,"column":null}},"14":{"start":{"line":32,"column":4},"end":{"line":32,"column":null}},"15":{"start":{"line":36,"column":4},"end":{"line":38,"column":null}},"16":{"start":{"line":37,"column":6},"end":{"line":37,"column":null}},"17":{"start":{"line":39,"column":4},"end":{"line":39,"column":null}},"18":{"start":{"line":44,"column":4},"end":{"line":46,"column":null}},"19":{"start":{"line":45,"column":6},"end":{"line":45,"column":null}},"20":{"start":{"line":47,"column":21},"end":{"line":47,"column":null}},"21":{"start":{"line":48,"column":4},"end":{"line":48,"column":null}},"22":{"start":{"line":52,"column":4},"end":{"line":55,"column":null}},"23":{"start":{"line":53,"column":6},"end":{"line":53,"column":null}},"24":{"start":{"line":54,"column":6},"end":{"line":54,"column":null}}},"fnMap":{"0":{"name":"(anonymous_0)","decl":{"start":{"line":6,"column":2},"end":{"line":6,"column":16}},"loc":{"start":{"line":6,"column":16},"end":{"line":10,"column":null}},"line":6},"1":{"name":"(anonymous_1)","decl":{"start":{"line":12,"column":2},"end":{"line":12,"column":13}},"loc":{"start":{"line":12,"column":33},"end":{"line":14,"column":null}},"line":12},"2":{"name":"(anonymous_2)","decl":{"start":{"line":13,"column":18},"end":{"line":13,"column":19}},"loc":{"start":{"line":13,"column":28},"end":{"line":13,"column":46}},"line":13},"3":{"name":"(anonymous_3)","decl":{"start":{"line":16,"column":2},"end":{"line":16,"column":10}},"loc":{"start":{"line":16,"column":27},"end":{"line":28,"column":null}},"line":16},"4":{"name":"(anonymous_4)","decl":{"start":{"line":30,"column":12},"end":{"line":30,"column":24}},"loc":{"start":{"line":30,"column":41},"end":{"line":33,"column":null}},"line":30},"5":{"name":"(anonymous_5)","decl":{"start":{"line":35,"column":2},"end":{"line":35,"column":20}},"loc":{"start":{"line":35,"column":20},"end":{"line":40,"column":null}},"line":35},"6":{"name":"(anonymous_6)","decl":{"start":{"line":43,"column":10},"end":{"line":43,"column":23}},"loc":{"start":{"line":43,"column":43},"end":{"line":49,"column":null}},"line":43},"7":{"name":"(anonymous_7)","decl":{"start":{"line":51,"column":10},"end":{"line":51,"column":29}},"loc":{"start":{"line":51,"column":29},"end":{"line":56,"column":null}},"line":51},"8":{"name":"(anonymous_8)","decl":{"start":{"line":58,"column":12},"end":{"line":58,"column":26}},"loc":{"start":{"line":58,"column":44},"end":{"line":60,"column":null}},"line":58}},"branchMap":{"0":{"loc":{"start":{"line":7,"column":4},"end":{"line":9,"column":null}},"type":"if","locations":[{"start":{"line":7,"column":4},"end":{"line":9,"column":null}},{"start":{},"end":{}}],"line":7},"1":{"loc":{"start":{"line":17,"column":4},"end":{"line":27,"column":null}},"type":"if","locations":[{"start":{"line":17,"column":4},"end":{"line":27,"column":null}},{"start":{"line":22,"column":11},"end":{"line":27,"column":null}}],"line":17},"2":{"loc":{"start":{"line":18,"column":6},"end":{"line":20,"column":null}},"type":"if","locations":[{"start":{"line":18,"column":6},"end":{"line":20,"column":null}},{"start":{},"end":{}}],"line":18},"3":{"loc":{"start":{"line":23,"column":6},"end":{"line":25,"column":null}},"type":"if","locations":[{"start":{"line":23,"column":6},"end":{"line":25,"column":null}},{"start":{},"end":{}}],"line":23},"4":{"loc":{"start":{"line":36,"column":4},"end":{"line":38,"column":null}},"type":"if","locations":[{"start":{"line":36,"column":4},"end":{"line":38,"column":null}},{"start":{},"end":{}}],"line":36},"5":{"loc":{"start":{"line":44,"column":4},"end":{"line":46,"column":null}},"type":"if","locations":[{"start":{"line":44,"column":4},"end":{"line":46,"column":null}},{"start":{},"end":{}}],"line":44},"6":{"loc":{"start":{"line":52,"column":4},"end":{"line":55,"column":null}},"type":"if","locations":[{"start":{"line":52,"column":4},"end":{"line":55,"column":null}},{"start":{},"end":{}}],"line":52}},"s":{"0":2,"1":2,"2":2,"3":0,"4":1,"5":8,"6":22,"7":13,"8":6,"9":13,"10":9,"11":3,"12":9,"13":13,"14":13,"15":2,"16":1,"17":2,"18":13,"19":4,"20":9,"21":9,"22":10,"23":10,"24":10},"f":{"0":2,"1":1,"2":8,"3":22,"4":13,"5":2,"6":13,"7":10,"8":13},"b":{"0":[0,2],"1":[13,9],"2":[6,7],"3":[3,6],"4":[1,1],"5":[4,9],"6":[10,0]},"meta":{"lastBranch":7,"lastFunction":9,"lastStatement":25,"seen":{"s:3:29:3:Infinity":0,"s:4:27:4:Infinity":1,"f:6:2:6:16":0,"b:7:4:9:Infinity:undefined:undefined:undefined:undefined":0,"s:7:4:9:Infinity":2,"s:8:6:8:Infinity":3,"f:12:2:12:13":1,"s:13:4:13:Infinity":4,"f:13:18:13:19":2,"s:13:28:13:46":5,"f:16:2:16:10":3,"b:17:4:27:Infinity:22:11:27:Infinity":1,"s:17:4:27:Infinity":6,"b:18:6:20:Infinity:undefined:undefined:undefined:undefined":2,"s:18:6:20:Infinity":7,"s:19:8:19:Infinity":8,"s:21:6:21:Infinity":9,"b:23:6:25:Infinity:undefined:undefined:undefined:undefined":3,"s:23:6:25:Infinity":10,"s:24:8:24:Infinity":11,"s:26:6:26:Infinity":12,"f:30:12:30:24":4,"s:31:4:31:Infinity":13,"s:32:4:32:Infinity":14,"f:35:2:35:20":5,"b:36:4:38:Infinity:undefined:undefined:undefined:undefined":4,"s:36:4:38:Infinity":15,"s:37:6:37:Infinity":16,"s:39:4:39:Infinity":17,"f:43:10:43:23":6,"b:44:4:46:Infinity:undefined:undefined:undefined:undefined":5,"s:44:4:46:Infinity":18,"s:45:6:45:Infinity":19,"s:47:21:47:Infinity":20,"s:48:4:48:Infinity":21,"f:51:10:51:29":7,"b:52:4:55:Infinity:undefined:undefined:undefined:undefined":6,"s:52:4:55:Infinity":22,"s:53:6:53:Infinity":23,"s:54:6:54:Infinity":24,"f:58:12:58:26":8}}}
,"/home/namtroi/pdf-to-markdown/src/javascript/models/TextItem.ts": {"path":"/home/namtroi/pdf-to-markdown/src/javascript/models/TextItem.ts","statementMap":{"0":{"start":{"line":63,"column":4},"end":{"line":63,"column":null}},"1":{"start":{"line":64,"column":4},"end":{"line":64,"column":null}},"2":{"start":{"line":65,"column":4},"end":{"line":65,"column":null}},"3":{"start":{"line":66,"column":4},"end":{"line":66,"column":null}},"4":{"start":{"line":67,"column":4},"end":{"line":67,"column":null}},"5":{"start":{"line":68,"column":4},"end":{"line":68,"column":null}},"6":{"start":{"line":69,"column":4},"end":{"line":69,"column":null}},"7":{"start":{"line":70,"column":4},"end":{"line":70,"column":null}},"8":{"start":{"line":71,"column":4},"end":{"line":71,"column":null}},"9":{"start":{"line":72,"column":4},"end":{"line":72,"column":null}}},"fnMap":{"0":{"name":"(anonymous_0)","decl":{"start":{"line":49,"column":2},"end":{"line":49,"column":14}},"loc":{"start":{"line":62,"column":5},"end":{"line":73,"column":null}},"line":62}},"branchMap":{},"s":{"0":2,"1":2,"2":2,"3":2,"4":2,"5":2,"6":2,"7":2,"8":2,"9":2},"f":{"0":2},"b":{},"meta":{"lastBranch":0,"lastFunction":1,"lastStatement":10,"seen":{"f:49:2:49:14":0,"s:63:4:63:Infinity":0,"s:64:4:64:Infinity":1,"s:65:4:65:Infinity":2,"s:66:4:66:Infinity":3,"s:67:4:67:Infinity":4,"s:68:4:68:Infinity":5,"s:69:4:69:Infinity":6,"s:70:4:70:Infinity":7,"s:71:4:71:Infinity":8,"s:72:4:72:Infinity":9}}}
,"/home/namtroi/pdf-to-markdown/src/javascript/models/Word.ts": {"path":"/home/namtroi/pdf-to-markdown/src/javascript/models/Word.ts","statementMap":{"0":{"start":{"line":26,"column":4},"end":{"line":26,"column":null}},"1":{"start":{"line":27,"column":4},"end":{"line":27,"column":null}},"2":{"start":{"line":28,"column":4},"end":{"line":28,"column":null}}},"fnMap":{"0":{"name":"(anonymous_0)","decl":{"start":{"line":25,"column":2},"end":{"line":25,"column":14}},"loc":{"start":{"line":25,"column":105},"end":{"line":29,"column":null}},"line":25}},"branchMap":{},"s":{"0":19,"1":19,"2":19},"f":{"0":19},"b":{},"meta":{"lastBranch":0,"lastFunction":1,"lastStatement":3,"seen":{"f:25:2:25:14":0,"s:26:4:26:Infinity":0,"s:27:4:27:Infinity":1,"s:28:4:28:Infinity":2}}}
,"/home/namtroi/pdf-to-markdown/src/javascript/models/markdown/WordFormat.ts": {"path":"/home/namtroi/pdf-to-markdown/src/javascript/models/markdown/WordFormat.ts","statementMap":{"0":{"start":{"line":5,"column":26},"end":{"line":24,"column":null}},"1":{"start":{"line":36,"column":17},"end":{"line":36,"column":null}},"2":{"start":{"line":37,"column":2},"end":{"line":37,"column":null}}},"fnMap":{"0":{"name":"getWordFormatByName","decl":{"start":{"line":35,"column":16},"end":{"line":35,"column":36}},"loc":{"start":{"line":35,"column":74},"end":{"line":38,"column":null}},"line":35}},"branchMap":{"0":{"loc":{"start":{"line":37,"column":9},"end":{"line":37,"column":null}},"type":"binary-expr","locations":[{"start":{"line":37,"column":9},"end":{"line":37,"column":18}},{"start":{"line":37,"column":18},"end":{"line":37,"column":null}}],"line":37}},"s":{"0":1,"1":0,"2":0},"f":{"0":0},"b":{"0":[0,0]},"meta":{"lastBranch":1,"lastFunction":1,"lastStatement":3,"seen":{"s:5:26:24:Infinity":0,"f:35:16:35:36":0,"s:36:17:36:Infinity":1,"s:37:2:37:Infinity":2,"b:37:9:37:18:37:18:37:Infinity":0}}}
,"/home/namtroi/pdf-to-markdown/src/javascript/models/markdown/WordType.ts": {"path":"/home/namtroi/pdf-to-markdown/src/javascript/models/markdown/WordType.ts","statementMap":{"0":{"start":{"line":5,"column":24},"end":{"line":34,"column":null}},"1":{"start":{"line":12,"column":6},"end":{"line":12,"column":null}},"2":{"start":{"line":21,"column":6},"end":{"line":21,"column":null}},"3":{"start":{"line":31,"column":6},"end":{"line":31,"column":null}},"4":{"start":{"line":60,"column":13},"end":{"line":60,"column":null}},"5":{"start":{"line":61,"column":43},"end":{"line":61,"column":null}},"6":{"start":{"line":63,"column":22},"end":{"line":68,"column":null}},"7":{"start":{"line":64,"column":4},"end":{"line":67,"column":null}},"8":{"start":{"line":65,"column":6},"end":{"line":65,"column":null}},"9":{"start":{"line":66,"column":6},"end":{"line":66,"column":null}},"10":{"start":{"line":70,"column":2},"end":{"line":98,"column":null}},"11":{"start":{"line":71,"column":4},"end":{"line":92,"column":null}},"12":{"start":{"line":72,"column":23},"end":{"line":72,"column":null}},"13":{"start":{"line":73,"column":25},"end":{"line":73,"column":null}},"14":{"start":{"line":74,"column":6},"end":{"line":76,"column":null}},"15":{"start":{"line":75,"column":8},"end":{"line":75,"column":null}},"16":{"start":{"line":78,"column":6},"end":{"line":80,"column":null}},"17":{"start":{"line":79,"column":8},"end":{"line":79,"column":null}},"18":{"start":{"line":82,"column":6},"end":{"line":85,"column":null}},"19":{"start":{"line":83,"column":8},"end":{"line":83,"column":null}},"20":{"start":{"line":84,"column":8},"end":{"line":84,"column":null}},"21":{"start":{"line":87,"column":6},"end":{"line":91,"column":null}},"22":{"start":{"line":88,"column":8},"end":{"line":88,"column":null}},"23":{"start":{"line":90,"column":8},"end":{"line":90,"column":null}},"24":{"start":{"line":93,"column":21},"end":{"line":93,"column":null}},"25":{"start":{"line":94,"column":4},"end":{"line":96,"column":null}},"26":{"start":{"line":95,"column":6},"end":{"line":95,"column":null}},"27":{"start":{"line":97,"column":4},"end":{"line":97,"column":null}},"28":{"start":{"line":99,"column":2},"end":{"line":99,"column":null}},"29":{"start":{"line":103,"column":2},"end":{"line":105,"column":null}},"30":{"start":{"line":104,"column":4},"end":{"line":104,"column":null}},"31":{"start":{"line":106,"column":20},"end":{"line":106,"column":null}},"32":{"start":{"line":107,"column":2},"end":{"line":107,"column":null}},"33":{"start":{"line":111,"column":2},"end":{"line":113,"column":null}},"34":{"start":{"line":112,"column":4},"end":{"line":112,"column":null}},"35":{"start":{"line":114,"column":2},"end":{"line":114,"column":null}}},"fnMap":{"0":{"name":"(anonymous_0)","decl":{"start":{"line":11,"column":4},"end":{"line":11,"column":11}},"loc":{"start":{"line":11,"column":27},"end":{"line":13,"column":null}},"line":11},"1":{"name":"(anonymous_1)","decl":{"start":{"line":20,"column":4},"end":{"line":20,"column":11}},"loc":{"start":{"line":20,"column":27},"end":{"line":23,"column":null}},"line":20},"2":{"name":"(anonymous_2)","decl":{"start":{"line":30,"column":4},"end":{"line":30,"column":11}},"loc":{"start":{"line":30,"column":27},"end":{"line":32,"column":null}},"line":30},"3":{"name":"linesToText","decl":{"start":{"line":59,"column":16},"end":{"line":59,"column":28}},"loc":{"start":{"line":59,"column":91},"end":{"line":100,"column":null}},"line":59},"4":{"name":"(anonymous_4)","decl":{"start":{"line":63,"column":22},"end":{"line":63,"column":28}},"loc":{"start":{"line":63,"column":28},"end":{"line":68,"column":null}},"line":63},"5":{"name":"(anonymous_5)","decl":{"start":{"line":70,"column":20},"end":{"line":70,"column":21}},"loc":{"start":{"line":70,"column":41},"end":{"line":98,"column":3}},"line":70},"6":{"name":"(anonymous_6)","decl":{"start":{"line":71,"column":23},"end":{"line":71,"column":24}},"loc":{"start":{"line":71,"column":36},"end":{"line":92,"column":5}},"line":71},"7":{"name":"firstFormat","decl":{"start":{"line":102,"column":9},"end":{"line":102,"column":21}},"loc":{"start":{"line":102,"column":72},"end":{"line":108,"column":null}},"line":102},"8":{"name":"isPunctationCharacter","decl":{"start":{"line":110,"column":9},"end":{"line":110,"column":31}},"loc":{"start":{"line":110,"column":56},"end":{"line":115,"column":null}},"line":110}},"branchMap":{"0":{"loc":{"start":{"line":64,"column":4},"end":{"line":67,"column":null}},"type":"if","locations":[{"start":{"line":64,"column":4},"end":{"line":67,"column":null}},{"start":{},"end":{}}],"line":64},"1":{"loc":{"start":{"line":74,"column":6},"end":{"line":76,"column":null}},"type":"if","locations":[{"start":{"line":74,"column":6},"end":{"line":76,"column":null}},{"start":{},"end":{}}],"line":74},"2":{"loc":{"start":{"line":74,"column":10},"end":{"line":74,"column":68}},"type":"binary-expr","locations":[{"start":{"line":74,"column":10},"end":{"line":74,"column":25}},{"start":{"line":74,"column":25},"end":{"line":74,"column":40}},{"start":{"line":74,"column":40},"end":{"line":74,"column":68}}],"line":74},"3":{"loc":{"start":{"line":78,"column":6},"end":{"line":80,"column":null}},"type":"if","locations":[{"start":{"line":78,"column":6},"end":{"line":80,"column":null}},{"start":{},"end":{}}],"line":78},"4":{"loc":{"start":{"line":78,"column":10},"end":{"line":78,"column":107}},"type":"binary-expr","locations":[{"start":{"line":78,"column":10},"end":{"line":78,"column":19}},{"start":{"line":78,"column":19},"end":{"line":78,"column":70}},{"start":{"line":78,"column":70},"end":{"line":78,"column":107}}],"line":78},"5":{"loc":{"start":{"line":82,"column":6},"end":{"line":85,"column":null}},"type":"if","locations":[{"start":{"line":82,"column":6},"end":{"line":85,"column":null}},{"start":{},"end":{}}],"line":82},"6":{"loc":{"start":{"line":82,"column":10},"end":{"line":82,"column":62}},"type":"binary-expr","locations":[{"start":{"line":82,"column":10},"end":{"line":82,"column":24}},{"start":{"line":82,"column":24},"end":{"line":82,"column":39}},{"start":{"line":82,"column":39},"end":{"line":82,"column":62}}],"line":82},"7":{"loc":{"start":{"line":87,"column":6},"end":{"line":91,"column":null}},"type":"if","locations":[{"start":{"line":87,"column":6},"end":{"line":91,"column":null}},{"start":{"line":89,"column":13},"end":{"line":91,"column":null}}],"line":87},"8":{"loc":{"start":{"line":87,"column":10},"end":{"line":87,"column":75}},"type":"binary-expr","locations":[{"start":{"line":87,"column":10},"end":{"line":87,"column":23}},{"start":{"line":87,"column":23},"end":{"line":87,"column":48}},{"start":{"line":87,"column":48},"end":{"line":87,"column":75}}],"line":87},"9":{"loc":{"start":{"line":93,"column":21},"end":{"line":93,"column":null}},"type":"cond-expr","locations":[{"start":{"line":93,"column":56},"end":{"line":93,"column":83}},{"start":{"line":93,"column":83},"end":{"line":93,"column":null}}],"line":93},"10":{"loc":{"start":{"line":94,"column":4},"end":{"line":96,"column":null}},"type":"if","locations":[{"start":{"line":94,"column":4},"end":{"line":96,"column":null}},{"start":{},"end":{}}],"line":94},"11":{"loc":{"start":{"line":94,"column":8},"end":{"line":94,"column":113}},"type":"binary-expr","locations":[{"start":{"line":94,"column":8},"end":{"line":94,"column":23}},{"start":{"line":94,"column":23},"end":{"line":94,"column":61}},{"start":{"line":94,"column":61},"end":{"line":94,"column":74}},{"start":{"line":94,"column":74},"end":{"line":94,"column":113}}],"line":94},"12":{"loc":{"start":{"line":103,"column":2},"end":{"line":105,"column":null}},"type":"if","locations":[{"start":{"line":103,"column":2},"end":{"line":105,"column":null}},{"start":{},"end":{}}],"line":103},"13":{"loc":{"start":{"line":103,"column":6},"end":{"line":103,"column":48}},"type":"binary-expr","locations":[{"start":{"line":103,"column":6},"end":{"line":103,"column":19}},{"start":{"line":103,"column":19},"end":{"line":103,"column":48}}],"line":103},"14":{"loc":{"start":{"line":107,"column":9},"end":{"line":107,"column":null}},"type":"cond-expr","locations":[{"start":{"line":107,"column":21},"end":{"line":107,"column":48}},{"start":{"line":107,"column":48},"end":{"line":107,"column":null}}],"line":107},"15":{"loc":{"start":{"line":107,"column":21},"end":{"line":107,"column":48}},"type":"binary-expr","locations":[{"start":{"line":107,"column":21},"end":{"line":107,"column":41}},{"start":{"line":107,"column":41},"end":{"line":107,"column":48}}],"line":107},"16":{"loc":{"start":{"line":111,"column":2},"end":{"line":113,"column":null}},"type":"if","locations":[{"start":{"line":111,"column":2},"end":{"line":113,"column":null}},{"start":{},"end":{}}],"line":111},"17":{"loc":{"start":{"line":114,"column":9},"end":{"line":114,"column":null}},"type":"binary-expr","locations":[{"start":{"line":114,"column":9},"end":{"line":114,"column":30}},{"start":{"line":114,"column":30},"end":{"line":114,"column":51}},{"start":{"line":114,"column":51},"end":{"line":114,"column":null}}],"line":114}},"s":{"0":1,"1":0,"2":0,"3":0,"4":0,"5":0,"6":0,"7":0,"8":0,"9":0,"10":0,"11":0,"12":0,"13":0,"14":0,"15":0,"16":0,"17":0,"18":0,"19":0,"20":0,"21":0,"22":0,"23":0,"24":0,"25":0,"26":0,"27":0,"28":0,"29":0,"30":0,"31":0,"32":0,"33":0,"34":0,"35":0},"f":{"0":0,"1":0,"2":0,"3":0,"4":0,"5":0,"6":0,"7":0,"8":0},"b":{"0":[0,0],"1":[0,0],"2":[0,0,0],"3":[0,0],"4":[0,0,0],"5":[0,0],"6":[0,0,0],"7":[0,0],"8":[0,0,0],"9":[0,0],"10":[0,0],"11":[0,0,0,0],"12":[0,0],"13":[0,0],"14":[0,0],"15":[0,0],"16":[0,0],"17":[0,0,0]},"meta":{"lastBranch":18,"lastFunction":9,"lastStatement":36,"seen":{"s:5:24:34:Infinity":0,"f:11:4:11:11":0,"s:12:6:12:Infinity":1,"f:20:4:20:11":1,"s:21:6:21:Infinity":2,"f:30:4:30:11":2,"s:31:6:31:Infinity":3,"f:59:16:59:28":3,"s:60:13:60:Infinity":4,"s:61:43:61:Infinity":5,"s:63:22:68:Infinity":6,"f:63:22:63:28":4,"b:64:4:67:Infinity:undefined:undefined:undefined:undefined":0,"s:64:4:67:Infinity":7,"s:65:6:65:Infinity":8,"s:66:6:66:Infinity":9,"s:70:2:98:Infinity":10,"f:70:20:70:21":5,"s:71:4:92:Infinity":11,"f:71:23:71:24":6,"s:72:23:72:Infinity":12,"s:73:25:73:Infinity":13,"b:74:6:76:Infinity:undefined:undefined:undefined:undefined":1,"s:74:6:76:Infinity":14,"b:74:10:74:25:74:25:74:40:74:40:74:68":2,"s:75:8:75:Infinity":15,"b:78:6:80:Infinity:undefined:undefined:undefined:undefined":3,"s:78:6:80:Infinity":16,"b:78:10:78:19:78:19:78:70:78:70:78:107":4,"s:79:8:79:Infinity":17,"b:82:6:85:Infinity:undefined:undefined:undefined:undefined":5,"s:82:6:85:Infinity":18,"b:82:10:82:24:82:24:82:39:82:39:82:62":6,"s:83:8:83:Infinity":19,"s:84:8:84:Infinity":20,"b:87:6:91:Infinity:89:13:91:Infinity":7,"s:87:6:91:Infinity":21,"b:87:10:87:23:87:23:87:48:87:48:87:75":8,"s:88:8:88:Infinity":22,"s:90:8:90:Infinity":23,"s:93:21:93:Infinity":24,"b:93:56:93:83:93:83:93:Infinity":9,"b:94:4:96:Infinity:undefined:undefined:undefined:undefined":10,"s:94:4:96:Infinity":25,"b:94:8:94:23:94:23:94:61:94:61:94:74:94:74:94:113":11,"s:95:6:95:Infinity":26,"s:97:4:97:Infinity":27,"s:99:2:99:Infinity":28,"f:102:9:102:21":7,"b:103:2:105:Infinity:undefined:undefined:undefined:undefined":12,"s:103:2:105:Infinity":29,"b:103:6:103:19:103:19:103:48":13,"s:104:4:104:Infinity":30,"s:106:20:106:Infinity":31,"s:107:2:107:Infinity":32,"b:107:21:107:48:107:48:107:Infinity":14,"b:107:21:107:41:107:41:107:48":15,"f:110:9:110:31":8,"b:111:2:113:Infinity:undefined:undefined:undefined:undefined":16,"s:111:2:113:Infinity":33,"s:112:4:112:Infinity":34,"s:114:2:114:Infinity":35,"b:114:9:114:30:114:30:114:51:114:51:114:Infinity":17}}}
}
